<?xml version="1.0" encoding="UTF-8"?>
<!-- Generated by org.testng.reporters.JUnitXMLReporter -->
<testsuite ignored="0" hostname="LAPTOP-4U8RJSV1" failures="0" tests="11" name="API Tests" time="2.776" errors="0" timestamp="2025-07-29T18:05:16 BST">
  <testcase classname="com.qa.tests.LoginTests" name="testInvalidLogin" time="2.245"/>
  <testcase classname="com.qa.tests.LoginTests" name="testValidLogin" time="0.035"/>
  <testcase classname="com.qa.tests.GetItemsTests" name="getItemsNegative" time="0.098"/>
  <testcase classname="com.qa.tests.GetItemsTests" name="getItems" time="0.049"/>
  <testcase classname="com.qa.tests.CreateItemTests" name="createItemWithBlankName" time="0.03"/>
  <testcase classname="com.qa.tests.CreateItemTests" name="createValidItem" time="0.069"/>
  <testcase classname="com.qa.tests.UpdateItemTests" name="updateItemWithInvalidId" time="0.021"/>
  <testcase classname="com.qa.tests.UpdateItemTests" name="updateItemWithoutkName" time="0.022"/>
  <testcase classname="com.qa.tests.UpdateItemTests" name="updateValidItem" time="0.025"/>
  <testcase classname="com.qa.tests.DeleteItemTests" name="deleteValidItem" time="0.037"/>
  <testcase classname="com.qa.tests.DeleteItemTests" name="deleteinvalidItem" time="0.03"/>
</testsuite> <!-- API Tests -->
